Using pre-set license
Built from '2022.3/respin/2022.3.62f2-4af31df585-v2' branch; Version is '2022.3.62f2 (7670c08855a9) revision 7762112'; Using compiler version '192829333'; Build Type 'Release'
OS: 'Windows 11  (10.0.26200) 64bit Professional' Language: 'es' Physical Memory: 14173 MB
BatchMode: 1, IsHumanControllingUs: 0, StartBugReporterOnCrash: 0, Is64bit: 1, IsPro: 1

COMMAND LINE ARGUMENTS:
C:\Program Files\Unity\Hub\Editor\2022.3.62f2\Editor\Unity.exe
-adb2
-batchMode
-noUpm
-name
AssetImportWorker0
-projectPath
C:/ProyectoArqui/ElHeroePerdido
-logFile
Logs/AssetImportWorker0.log
-srvPort
59992
Successfully changed project path to: C:/ProyectoArqui/ElHeroePerdido
C:/ProyectoArqui/ElHeroePerdido
[UnityMemory] Configuration Parameters - Can be set up in boot.config
    "memorysetup-bucket-allocator-granularity=16"
    "memorysetup-bucket-allocator-bucket-count=8"
    "memorysetup-bucket-allocator-block-size=33554432"
    "memorysetup-bucket-allocator-block-count=8"
    "memorysetup-main-allocator-block-size=16777216"
    "memorysetup-thread-allocator-block-size=16777216"
    "memorysetup-gfx-main-allocator-block-size=16777216"
    "memorysetup-gfx-thread-allocator-block-size=16777216"
    "memorysetup-cache-allocator-block-size=4194304"
    "memorysetup-typetree-allocator-block-size=2097152"
    "memorysetup-profiler-bucket-allocator-granularity=16"
    "memorysetup-profiler-bucket-allocator-bucket-count=8"
    "memorysetup-profiler-bucket-allocator-block-size=33554432"
    "memorysetup-profiler-bucket-allocator-block-count=8"
    "memorysetup-profiler-allocator-block-size=16777216"
    "memorysetup-profiler-editor-allocator-block-size=1048576"
    "memorysetup-temp-allocator-size-main=16777216"
    "memorysetup-job-temp-allocator-block-size=2097152"
    "memorysetup-job-temp-allocator-block-size-background=1048576"
    "memorysetup-job-temp-allocator-reduction-small-platforms=262144"
    "memorysetup-allocator-temp-initial-block-size-main=262144"
    "memorysetup-allocator-temp-initial-block-size-worker=262144"
    "memorysetup-temp-allocator-size-background-worker=32768"
    "memorysetup-temp-allocator-size-job-worker=262144"
    "memorysetup-temp-allocator-size-preload-manager=33554432"
    "memorysetup-temp-allocator-size-nav-mesh-worker=65536"
    "memorysetup-temp-allocator-size-audio-worker=65536"
    "memorysetup-temp-allocator-size-cloud-worker=32768"
    "memorysetup-temp-allocator-size-gi-baking-worker=262144"
    "memorysetup-temp-allocator-size-gfx=262144"
Player connection [17816]  Target information:

Player connection [17816]  * "[IP] 192.168.1.35 [Port] 0 [Flags] 2 [Guid] 3672984668 [EditorId] 3672984668 [Version] 1048832 [Id] WindowsEditor(7,NATU) [Debug] 1 [PackageName] WindowsEditor [ProjectName] Editor" 

Player connection [17816] Host joined multi-casting on [225.0.0.222:54997]...
Player connection [17816] Host joined alternative multi-casting on [225.0.0.222:34997]...
Input System module state changed to: Initialized.
[PhysX] Initialized MultithreadedTaskDispatcher with 12 workers.
Refreshing native plugins compatible for Editor in 2599.49 ms, found 7 plugins.
Preloading 0 native plugins for Editor in 0.00 ms.
Initialize engine version: 2022.3.62f2 (7670c08855a9)
[Subsystems] Discovering subsystems at path C:/Program Files/Unity/Hub/Editor/2022.3.62f2/Editor/Data/Resources/UnitySubsystems
[Subsystems] Discovering subsystems at path C:/ProyectoArqui/ElHeroePerdido/Assets
GfxDevice: creating device client; threaded=0; jobified=0
Direct3D:
    Version:  Direct3D 11.0 [level 11.1]
    Renderer: AMD Radeon(TM) Graphics (ID=0x164c)
    Vendor:   ATI
    VRAM:     7086 MB
    Driver:   31.0.21921.13001
Initialize mono
Mono path[0] = 'C:/Program Files/Unity/Hub/Editor/2022.3.62f2/Editor/Data/Managed'
Mono path[1] = 'C:/Program Files/Unity/Hub/Editor/2022.3.62f2/Editor/Data/MonoBleedingEdge/lib/mono/unityjit-win32'
Mono config path = 'C:/Program Files/Unity/Hub/Editor/2022.3.62f2/Editor/Data/MonoBleedingEdge/etc'
Using monoOptions --debugger-agent=transport=dt_socket,embedding=1,server=y,suspend=n,address=127.0.0.1:56788
Begin MonoManager ReloadAssembly
Registering precompiled unity dll's ...
Register platform support module: C:/Program Files/Unity/Hub/Editor/2022.3.62f2/Editor/Data/PlaybackEngines/WebGLSupport/UnityEditor.WebGL.Extensions.dll
Register platform support module: C:/Program Files/Unity/Hub/Editor/2022.3.62f2/Editor/Data/PlaybackEngines/WindowsStandaloneSupport/UnityEditor.WindowsStandalone.Extensions.dll
Registered in 0.312020 seconds.
- Loaded All Assemblies, in  5.789 seconds
Native extension for WindowsStandalone target not found
Native extension for WebGL target not found
Mono: successfully reloaded assembly
- Finished resetting the current domain, in  0.325 seconds
Domain Reload Profiling: 6113ms
	BeginReloadAssembly (5064ms)
		ExecutionOrderSort (0ms)
		DisableScriptedObjects (0ms)
		BackupInstance (0ms)
		ReleaseScriptingObjects (0ms)
		CreateAndSetChildDomain (1ms)
	RebuildCommonClasses (39ms)
	RebuildNativeTypeToScriptingClass (11ms)
	initialDomainReloadingComplete (385ms)
	LoadAllAssembliesAndSetupDomain (288ms)
		LoadAssemblies (5077ms)
		RebuildTransferFunctionScriptingTraits (0ms)
		AnalyzeDomain (268ms)
			TypeCache.Refresh (266ms)
				TypeCache.ScanAssembly (249ms)
			ScanForSourceGeneratedMonoScriptInfo (0ms)
			ResolveRequiredComponents (0ms)
	FinalizeReload (326ms)
		ReleaseScriptCaches (0ms)
		RebuildScriptCaches (0ms)
		SetupLoadedEditorAssemblies (275ms)
			LogAssemblyErrors (0ms)
			InitializePlatformSupportModulesInManaged (12ms)
			SetLoadedEditorAssemblies (7ms)
			RefreshPlugins (0ms)
			BeforeProcessingInitializeOnLoad (2ms)
			ProcessInitializeOnLoadAttributes (179ms)
			ProcessInitializeOnLoadMethodAttributes (74ms)
			AfterProcessingInitializeOnLoad (0ms)
			EditorAssembliesLoaded (0ms)
		ExecutionOrderSort2 (0ms)
		AwakeInstancesAfterBackupRestoration (0ms)
========================================================================
Worker process is ready to serve import requests
Caller must complete domain reload
Begin MonoManager ReloadAssembly
- Loaded All Assemblies, in 15.055 seconds
Native extension for WindowsStandalone target not found
Native extension for WebGL target not found
Mono: successfully reloaded assembly
- Finished resetting the current domain, in  1.267 seconds
Domain Reload Profiling: 16302ms
	BeginReloadAssembly (189ms)
		ExecutionOrderSort (0ms)
		DisableScriptedObjects (6ms)
		BackupInstance (0ms)
		ReleaseScriptingObjects (0ms)
		CreateAndSetChildDomain (33ms)
	RebuildCommonClasses (40ms)
	RebuildNativeTypeToScriptingClass (11ms)
	initialDomainReloadingComplete (58ms)
	LoadAllAssembliesAndSetupDomain (14735ms)
		LoadAssemblies (14389ms)
		RebuildTransferFunctionScriptingTraits (0ms)
		AnalyzeDomain (451ms)
			TypeCache.Refresh (363ms)
				TypeCache.ScanAssembly (305ms)
			ScanForSourceGeneratedMonoScriptInfo (64ms)
			ResolveRequiredComponents (19ms)
	FinalizeReload (1268ms)
		ReleaseScriptCaches (0ms)
		RebuildScriptCaches (0ms)
		SetupLoadedEditorAssemblies (918ms)
			LogAssemblyErrors (0ms)
			InitializePlatformSupportModulesInManaged (11ms)
			SetLoadedEditorAssemblies (6ms)
			RefreshPlugins (0ms)
			BeforeProcessingInitializeOnLoad (110ms)
			ProcessInitializeOnLoadAttributes (660ms)
			ProcessInitializeOnLoadMethodAttributes (121ms)
			AfterProcessingInitializeOnLoad (9ms)
			EditorAssembliesLoaded (0ms)
		ExecutionOrderSort2 (0ms)
		AwakeInstancesAfterBackupRestoration (11ms)
Launched and connected shader compiler UnityShaderCompiler.exe after 0.07 seconds
Refreshing native plugins compatible for Editor in 12.91 ms, found 7 plugins.
Preloading 0 native plugins for Editor in 0.00 ms.
Unloading 6630 Unused Serialized files (Serialized files now loaded: 0)
Unloading 59 unused Assets / (2.1 MB). Loaded Objects now: 7087.
Memory consumption went from 262.8 MB to 260.7 MB.
Total: 8.717700 ms (FindLiveObjects: 1.082900 ms CreateObjectMapping: 0.655800 ms MarkObjects: 5.668600 ms  DeleteObjects: 1.307100 ms)

AssetImportParameters requested are different than current active one (requested -> active):
  custom:container-demuxer-ogg: 62fdf1f143b41e24485cea50d1cbac27 -> 
  custom:framework-win-MediaFoundation: 216162199b28c13a410421893ffa2e32 -> 
  custom:container-muxer-webm: aa71ff27fc2769a1b78a27578f13a17b -> 
  custom:video-decoder-webm-vp8: 9c59270c3fd7afecdb556c50c9e8de78 -> 
  custom:SearchIndexIgnoredProperties: e643bd26f0fe6173181afceb89e7c659 -> 
  custom:AudioImporter_EditorPlatform: d09bf68614088b80899f8185d706f6e7 -> 
  custom:audio-decoder-ogg-vorbis: bf7c407c2cedff20999df2af8eb42d56 -> 
  custom:audio-encoder-webm-vorbis: bf7c407c2cedff20999df2af8eb42d56 -> 
  custom:video-codec-MediaFoundation-h265: 746d11721c4dcdbdad8f713fa42b33f4 -> 
  custom:video-decoder-ogg-theora: a1e56fd34408186e4bbccfd4996cb3dc -> 
  custom:CustomObjectIndexerAttribute: 3ead1caaecf1c488f20bcfeb224b6af5 -> 
  custom:container-demuxer-webm: 4f35f7cbe854078d1ac9338744f61a02 -> 
  custom:video-encoder-webm-vp8: eb34c28f22e8b96e1ab97ce403110664 -> 
========================================================================
Received Import Request.
  Time since last request: 1557.390969 seconds.
  path: Assets/UniversalRenderPipelineGlobalSettings.asset
  artifactKey: Guid(1ab90f11d09583b4cad9867484b8aff4) Importer(815301076,1909f56bfc062723c751e8b465ee728b)
Start importing Assets/UniversalRenderPipelineGlobalSettings.asset using Guid(1ab90f11d09583b4cad9867484b8aff4) Importer(815301076,1909f56bfc062723c751e8b465ee728b) [PhysX] Initialized MultithreadedTaskDispatcher with 12 workers.
 -> (artifact id: 'a68158aecbaee5a7501008ec694ab5ab') in 0.026046 seconds
Number of updated asset objects reloaded before import = 0
Number of asset objects unloaded after import = 1
========================================================================
Received Import Request.
  Time since last request: 481.133133 seconds.
  path: Assets/SupanthaPaul/2D Platformer Controller
  artifactKey: Guid(8b455e899eb2e02449198af6db6110b8) Importer(815301076,1909f56bfc062723c751e8b465ee728b)
Start importing Assets/SupanthaPaul/2D Platformer Controller using Guid(8b455e899eb2e02449198af6db6110b8) Importer(815301076,1909f56bfc062723c751e8b465ee728b) [PhysX] Initialized MultithreadedTaskDispatcher with 12 workers.
 -> (artifact id: 'bf141e373df6a439db96cc9c48efef7c') in 0.000938 seconds
Number of updated asset objects reloaded before import = 0
Number of asset objects unloaded after import = 0
========================================================================
Received Import Request.
  Time since last request: 1.773934 seconds.
  path: Assets/SupanthaPaul/2D Platformer Controller/Scenes
  artifactKey: Guid(21dabc716e2482240b1b756e7ea36ff4) Importer(815301076,1909f56bfc062723c751e8b465ee728b)
Start importing Assets/SupanthaPaul/2D Platformer Controller/Scenes using Guid(21dabc716e2482240b1b756e7ea36ff4) Importer(815301076,1909f56bfc062723c751e8b465ee728b) [PhysX] Initialized MultithreadedTaskDispatcher with 12 workers.
 -> (artifact id: '0327a8f616c42f94fbc7245ac860dcd2') in 0.001166 seconds
Number of updated asset objects reloaded before import = 0
Number of asset objects unloaded after import = 0
========================================================================
Received Import Request.
  Time since last request: 1.090261 seconds.
  path: Assets/SupanthaPaul/2D Platformer Controller/Scenes/Escena 1.unity
  artifactKey: Guid(2d8d442a90c247a478923e712de3a589) Importer(815301076,1909f56bfc062723c751e8b465ee728b)
Start importing Assets/SupanthaPaul/2D Platformer Controller/Scenes/Escena 1.unity using Guid(2d8d442a90c247a478923e712de3a589) Importer(815301076,1909f56bfc062723c751e8b465ee728b) [PhysX] Initialized MultithreadedTaskDispatcher with 12 workers.
 -> (artifact id: '1c8d762902141c13fcfa1acb111a4304') in 0.001204 seconds
Number of updated asset objects reloaded before import = 0
Number of asset objects unloaded after import = 0
========================================================================
Received Prepare
Caller must complete domain reload
Begin MonoManager ReloadAssembly
- Loaded All Assemblies, in  7.417 seconds
Native extension for WindowsStandalone target not found
Native extension for WebGL target not found
Mono: successfully reloaded assembly
- Finished resetting the current domain, in  1.294 seconds
Domain Reload Profiling: 8711ms
	BeginReloadAssembly (6743ms)
		ExecutionOrderSort (0ms)
		DisableScriptedObjects (6476ms)
		BackupInstance (0ms)
		ReleaseScriptingObjects (0ms)
		CreateAndSetChildDomain (84ms)
	RebuildCommonClasses (55ms)
	RebuildNativeTypeToScriptingClass (16ms)
	initialDomainReloadingComplete (57ms)
	LoadAllAssembliesAndSetupDomain (544ms)
		LoadAssemblies (640ms)
		RebuildTransferFunctionScriptingTraits (0ms)
		AnalyzeDomain (35ms)
			TypeCache.Refresh (14ms)
				TypeCache.ScanAssembly (0ms)
			ScanForSourceGeneratedMonoScriptInfo (1ms)
			ResolveRequiredComponents (18ms)
	FinalizeReload (1295ms)
		ReleaseScriptCaches (0ms)
		RebuildScriptCaches (0ms)
		SetupLoadedEditorAssemblies (858ms)
			LogAssemblyErrors (0ms)
			InitializePlatformSupportModulesInManaged (13ms)
			SetLoadedEditorAssemblies (11ms)
			RefreshPlugins (0ms)
			BeforeProcessingInitializeOnLoad (130ms)
			ProcessInitializeOnLoadAttributes (584ms)
			ProcessInitializeOnLoadMethodAttributes (110ms)
			AfterProcessingInitializeOnLoad (7ms)
			EditorAssembliesLoaded (0ms)
		ExecutionOrderSort2 (0ms)
		AwakeInstancesAfterBackupRestoration (23ms)
Refreshing native plugins compatible for Editor in 13.60 ms, found 7 plugins.
Preloading 0 native plugins for Editor in 0.00 ms.
Unloading 6421 Unused Serialized files (Serialized files now loaded: 0)
Unloading 34 unused Assets / (2.1 MB). Loaded Objects now: 7107.
Memory consumption went from 223.0 MB to 220.9 MB.
Total: 8.930500 ms (FindLiveObjects: 1.629400 ms CreateObjectMapping: 0.680100 ms MarkObjects: 5.619700 ms  DeleteObjects: 0.997300 ms)

Prepare: number of updated asset objects reloaded= 0
AssetImportParameters requested are different than current active one (requested -> active):
  custom:container-demuxer-ogg: 62fdf1f143b41e24485cea50d1cbac27 -> 
  custom:framework-win-MediaFoundation: 216162199b28c13a410421893ffa2e32 -> 
  custom:container-muxer-webm: aa71ff27fc2769a1b78a27578f13a17b -> 
  custom:video-decoder-webm-vp8: 9c59270c3fd7afecdb556c50c9e8de78 -> 
  custom:SearchIndexIgnoredProperties: e643bd26f0fe6173181afceb89e7c659 -> 
  custom:AudioImporter_EditorPlatform: d09bf68614088b80899f8185d706f6e7 -> 
  custom:audio-decoder-ogg-vorbis: bf7c407c2cedff20999df2af8eb42d56 -> 
  custom:audio-encoder-webm-vorbis: bf7c407c2cedff20999df2af8eb42d56 -> 
  custom:video-codec-MediaFoundation-h265: 746d11721c4dcdbdad8f713fa42b33f4 -> 
  custom:video-decoder-ogg-theora: a1e56fd34408186e4bbccfd4996cb3dc -> 
  custom:CustomObjectIndexerAttribute: 3ead1caaecf1c488f20bcfeb224b6af5 -> 
  custom:container-demuxer-webm: 4f35f7cbe854078d1ac9338744f61a02 -> 
  custom:video-encoder-webm-vp8: eb34c28f22e8b96e1ab97ce403110664 -> 
========================================================================
Received Prepare
Caller must complete domain reload
Begin MonoManager ReloadAssembly
Duplicate assembly 'log4net.dll' with different versions detected, using 'Packages/com.unity.package-validation-suite/Lib/Editor/log4net.dll, AssemblyName=log4net, Version=2.0.8.0, Culture=neutral, PublicKeyToken=669e0ddf0bb1aa2a' and ignoring 'Packages/com.unity.collab-proxy/Lib/Editor/log4netPlastic.dll, AssemblyName=log4net, Version=1.2.15.0, Culture=neutral, PublicKeyToken=669e0ddf0bb1aa2a'.- Loaded All Assemblies, in  0.976 seconds
Native extension for WindowsStandalone target not found
Native extension for WebGL target not found
Mono: successfully reloaded assembly
- Finished resetting the current domain, in  3.871 seconds
Domain Reload Profiling: 4839ms
	BeginReloadAssembly (196ms)
		ExecutionOrderSort (0ms)
		DisableScriptedObjects (12ms)
		BackupInstance (0ms)
		ReleaseScriptingObjects (0ms)
		CreateAndSetChildDomain (47ms)
	RebuildCommonClasses (43ms)
	RebuildNativeTypeToScriptingClass (13ms)
	initialDomainReloadingComplete (39ms)
	LoadAllAssembliesAndSetupDomain (677ms)
		LoadAssemblies (462ms)
		RebuildTransferFunctionScriptingTraits (0ms)
		AnalyzeDomain (315ms)
			TypeCache.Refresh (266ms)
				TypeCache.ScanAssembly (245ms)
			ScanForSourceGeneratedMonoScriptInfo (34ms)
			ResolveRequiredComponents (13ms)
	FinalizeReload (3872ms)
		ReleaseScriptCaches (0ms)
		RebuildScriptCaches (0ms)
		SetupLoadedEditorAssemblies (535ms)
			LogAssemblyErrors (0ms)
			InitializePlatformSupportModulesInManaged (8ms)
			SetLoadedEditorAssemblies (4ms)
			RefreshPlugins (0ms)
			BeforeProcessingInitializeOnLoad (91ms)
			ProcessInitializeOnLoadAttributes (347ms)
			ProcessInitializeOnLoadMethodAttributes (79ms)
			AfterProcessingInitializeOnLoad (7ms)
			EditorAssembliesLoaded (0ms)
		ExecutionOrderSort2 (0ms)
		AwakeInstancesAfterBackupRestoration (15ms)
Refreshing native plugins compatible for Editor in 12.85 ms, found 7 plugins.
Preloading 0 native plugins for Editor in 0.00 ms.
Unloading 6528 Unused Serialized files (Serialized files now loaded: 0)
Unloading 39 unused Assets / (2.1 MB). Loaded Objects now: 7227.
Memory consumption went from 225.2 MB to 223.1 MB.
Total: 6.201500 ms (FindLiveObjects: 0.858200 ms CreateObjectMapping: 0.710400 ms MarkObjects: 4.064200 ms  DeleteObjects: 0.567100 ms)

Prepare: number of updated asset objects reloaded= 0
AssetImportParameters requested are different than current active one (requested -> active):
  custom:scripting/monoscript/fileName/US0017-CorrectPackageVersionTags.cs: e473c3c6413fb27a33d63b984a9adfe6 -> 
  custom:scripting/monoscript/fileName/US0188-TemplateUsesOnlyReleasedPackages.cs: abeaaacf95c35e02f1c1b505457e5811 -> 
  custom:scripting/monoscript/fileName/US0061-AssetFolderNaming.cs: c58a1fab83a8aebe8bdf454900d39c38 -> 
  custom:container-demuxer-ogg: 62fdf1f143b41e24485cea50d1cbac27 -> 
  custom:scripting/monoscript/fileName/ActivityLogger.cs: 27ebd9dc9d4ede2e2498d4b9089945f8 -> 
  custom:scripting/monoscript/fileName/US0110-AssetsDoNotUseJpg.cs: 1739fe61d3894defaf3474c21ceebad2 -> 
  custom:scripting/monoscript/fileName/AssemblyInfo.cs: a0e97e0ccc9c44bda4f9b665011adc0c -> 
  custom:scripting/monoscript/fileName/IHttpWebResponse.cs: d39e4b44ba34d9f9ab645c73583f76a3 -> 
  custom:scripting/monoscript/fileName/ProcessOutputStreamReader.cs: 2bba14abbd773be7027b57a9e26d1721 -> 
  custom:scripting/monoscript/fileName/MetaFilesValidation.cs: 89bf2da5397037a54c8af3dc1590a03a -> 
  custom:scripting/monoscript/fileName/JsonUnmarshaller.cs: 3700aa7c7203e643635ca086385ac255 -> 
  custom:framework-win-MediaFoundation: 216162199b28c13a410421893ffa2e32 -> 
  custom:scripting/monoscript/fileName/AssemblyDefinition.cs: 6beab201adac02c3473c58759444b498 -> 
  custom:scripting/monoscript/fileName/IValidationTestResult.cs: 05798c69b733f79e4feadab4a307f35c -> 
  custom:scripting/monoscript/fileName/US0113-FilePathLength.cs: 49e5558e79e4964533c9d6721017b007 -> 
  custom:scripting/monoscript/fileName/ValidationSuiteExtension.cs: 7a5b0586465ccb0ce30ab732351c2e94 -> 
  custom:scripting/monoscript/fileName/US0006-PackageNamingConvention.cs: 02d89d308ca593ad8ba9e28513626826 -> 
  custom:scripting/monoscript/fileName/US0041-APIDocumentationIncluded.cs: 761dbcc83788853da50fa695a786d8f6 -> 
  custom:scripting/monoscript/fileName/HttpWebResponseWrap.cs: ff7bc77748113037cc8e00fdd4f6d03d -> 
  custom:scripting/monoscript/fileName/BaseAssemblyValidation.cs: 1817a8dba3477dd0bb4475367c2ced9d -> 
  custom:scripting/monoscript/fileName/UIUtils.cs: 50e85056e048120cdf2493a52aa8ecdb -> 
  custom:scripting/precompiled-assembly-types:Mono.Cecil.Rocks: d98f994105b32bbc8f98a0bab029ed34 -> 
  custom:scripting/monoscript/fileName/ValidationAssemblyInformation.cs: d4ef6d0f0416e61052572bc81799c425 -> 
  custom:scripting/monoscript/fileName/US0115-UnapprovedFileTypes.cs: 786e3c94a2a0cd696ff380dc7ac9e359 -> 
  custom:scripting/monoscript/fileName/US0040-UserManualDocumentationIncluded.cs: 3f551b76c6b744d56b8a159f97d5b6fb -> 
  custom:scripting/monoscript/fileName/SimpleJsonReader.cs: fbec468ab0e400058cfbf7055b48b63e -> 
  custom:scripting/monoscript/fileName/US0084-DependencyVersionsCorrectlyIndicated.cs: e10af399e45b1351424dccf73064a38d -> 
  custom:scripting/monoscript/fileName/ApiValidation.cs: c02b011e76044b5995f43cd082461b7e -> 
  custom:scripting/monoscript/fileName/RestrictedFilesValidation.cs: 1cd56bd7099017c7cf50d8f120d140f9 -> 
  custom:scripting/monoscript/fileName/US0039-ChangelogExistsAndContainValidEntriesCheck.cs: ff1ec4cb922eba6d641e075c43197cfc -> 
  custom:scripting/precompiled-assembly-types:Unity.PackageValidationSuite.Editor.Extension: df287b06f14ed5c65660547caa4af0b3 -> 
  custom:scripting/monoscript/fileName/ValidationSuiteExtensionUI.cs: e738d896284c6ce1ffece16e3d6d174d -> 
  custom:scripting/monoscript/fileName/VettingReport.cs: 838d187582574e6f82135bf15af24c71 -> 
  custom:scripting/monoscript/fileName/US0114-PrimedTemplateLibrary.cs: 410bbe8082c07a92431f24ec5889a486 -> 
  custom:scripting/monoscript/fileName/PathLengthValidation.cs: 2b543be4b5fad5b0f6fecedc66a4543b -> 
  custom:container-muxer-webm: aa71ff27fc2769a1b78a27578f13a17b -> 
  custom:scripting/precompiled-assembly-types:log4net: 73c4a2bfe7029f0029be6c69de932687 -> 019978558686b3dbe60f5be7e8a69682
  custom:video-decoder-webm-vp8: 9c59270c3fd7afecdb556c50c9e8de78 -> 
  custom:scripting/monoscript/fileName/CIUtils.cs: 8e02b465e9013925973bb9f6ac583615 -> 
  custom:scripting/monoscript/fileName/SignatureValidation.cs: c101a47140c1f399f8cb5e4e502b9ce6 -> 
  custom:SearchIndexIgnoredProperties: e643bd26f0fe6173181afceb89e7c659 -> 
  custom:scripting/monoscript/fileName/US0005-SemVerCheck.cs: e9a91d72f43a55d17b6d0c4b9af44445 -> 
  custom:AudioImporter_EditorPlatform: d09bf68614088b80899f8185d706f6e7 -> 
  custom:scripting/monoscript/fileName/ValidationTypeDropdown.cs: 18229a0c941d15cbc862f58af9d816e4 -> 
  custom:scripting/monoscript/fileName/TemplateProjectValidation.cs: eb2b6864cc7c332aa6aeba6f74290612 -> 
  custom:scripting/monoscript/fileName/ValidationSuiteReport.cs: bd155e8c1d4f77232de330e5ba734d0b -> 
  custom:scripting/monoscript/fileName/FolderStructureValidation.cs: 020109c002497c312bfa3416101bed4f -> 
  custom:scripting/monoscript/fileName/LocalDocumentationValidation.cs: 33dbae8855727d0add620d3935b5ff0d -> 
  custom:scripting/precompiled-assembly-types:Mono.Cecil.Mdb: dfddc2d5e9570038a3ea8da067257c97 -> 
  custom:scripting/monoscript/fileName/ValidationSuite.cs: 1992119875d6ef69a29ad2b54ecbfa08 -> 
  custom:scripting/monoscript/fileName/SemVersion.cs: 57f095013e6375e7022482acefb8f89a -> 
  custom:scripting/monoscript/fileName/PrimedLibraryValidation.cs: 69af6b894949e3255e3ce26b1dfa61b0 -> 
  custom:scripting/monoscript/fileName/ValidationExceptionManager.cs: 804703adb5e0a69376ac89595e0a4615 -> 
  custom:scripting/monoscript/fileName/HttpWebRequestWrap.cs: 3f225be1b5e91e8aeb30f70ec427b1c6 -> 
  custom:scripting/precompiled-assembly-types:Unity.APIComparison.Framework: 56bd75ca4c47d61627b8f21750deb84e -> 
  custom:scripting/monoscript/fileName/ManifestValidation.cs: 380ce257b4afe674b1bc8a3708f0e191 -> 
  custom:audio-decoder-ogg-vorbis: bf7c407c2cedff20999df2af8eb42d56 -> 
  custom:scripting/monoscript/fileName/HttpWebRequestFactory.cs: c288ddfccd8abf4f91f5ac28097cd45c -> 
  custom:scripting/monoscript/fileName/XmlDocValidation.cs: d1f6687644483e9ae860f35a79232b69 -> 
  custom:scripting/monoscript/fileName/AssetsValidation.cs: cabe9b7c4dd2314eb3edd17ebd16ec4f -> 
  custom:audio-encoder-webm-vorbis: bf7c407c2cedff20999df2af8eb42d56 -> 
  custom:scripting/monoscript/fileName/US0038-AssemblyDefinitionCorrectlyNamed.cs: e96ff4b047b1f4521218a55c9176eec7 -> 
  custom:scripting/monoscript/fileName/RequiredFilesValidation.cs: ce754c9494f2c9ffb0359a2463026e48 -> 
  custom:scripting/monoscript/fileName/PackageUnityVersionValidation.cs: 215242e2f3af711e9b38b68a1353af5c -> 
  custom:scripting/monoscript/fileName/US0063-FolderStructureConventions.cs: 24315a8042c41465a02496bc4e30a068 -> 
  custom:scripting/monoscript/fileName/US0032-LicenseIncluded.cs: 8d8e9d3da4f0f456b38a04553acc49a4 -> 
  custom:scripting/monoscript/fileName/US0065-ThirdyPartyNotice.cs: 22ad6cc1c17daaa8996d50a67297a596 -> 
  custom:scripting/monoscript/fileName/SamplesUtilities.cs: d7c0caa5f8a0ecbaefa1df9062d33a9f -> 
  custom:scripting/monoscript/fileName/UnityVersion.cs: 3900f406465196959e4434744d0e5502 -> 
  custom:scripting/monoscript/fileName/PackageType.cs: af8876553dfdca88ae1f61c366d0f1dc -> 
  custom:scripting/monoscript/fileName/IHttpWebRequest.cs: c410653bb594d9a4dd7d3c11166b9fc9 -> 
  custom:scripting/monoscript/fileName/ValidationException.cs: df5990550be258f7680ac345e1ac676d -> 
  custom:scripting/monoscript/fileName/IValidationTest.cs: fda8304a04e740d0c1983723d9a59e81 -> 
  custom:scripting/monoscript/fileName/VersionTag.cs: 02d54ee475547bbc4a1f8a4e17f21652 -> 
  custom:scripting/monoscript/fileName/US0057-AssetNaming.cs: 3b8da0ffd17da57172f45f66ef05d7b5 -> 
  custom:video-codec-MediaFoundation-h265: 746d11721c4dcdbdad8f713fa42b33f4 -> 
  custom:scripting/monoscript/fileName/US0112-PackageContainsMetafile.cs: ee1fd778dde513a0d5ad88f7db6dcf9c -> 
  custom:scripting/monoscript/fileName/IHttpWebRequestFactory.cs: 19eac2e1410f68aca3b28f41f83bfbdc -> 
  custom:scripting/monoscript/fileName/SamplesValidation.cs: 33b9ab4d4611cd2ef8c406cb34c4aed7 -> 
  custom:video-decoder-ogg-theora: a1e56fd34408186e4bbccfd4996cb3dc -> 
  custom:scripting/monoscript/fileName/LifecycleValidation.cs: 7e6c14c4622814bbc64fe39fab49975e -> 
  custom:scripting/monoscript/fileName/TextReport.cs: 6d8701d2ec00c36a9c5adcb0de50bfad -> 
  custom:scripting/monoscript/fileName/NodeLauncher.cs: 67c02145a3dc92b1c3b8a6bcbd0bd7e1 -> 
  custom:scripting/monoscript/fileName/PackageCIUtils.cs: 0ef8cd01b6c4ab7f68f97b0082b835b4 -> 
  custom:scripting/monoscript/fileName/US0116-Samples.cs: a70da4bbde74f79bca574276f86f10b1 -> 
  custom:scripting/monoscript/fileName/ChangeLogValidation.cs: 5946b84ea67a5be5f47b1be828499041 -> 
  custom:scripting/monoscript/fileName/LicenseValidation.cs: 3ca55cea0f0a61a494039486fedbf5de -> 
  custom:CustomObjectIndexerAttribute: 3ead1caaecf1c488f20bcfeb224b6af5 -> 
  custom:scripting/monoscript/fileName/DiffEvaluation.cs: ebdc3390ffb877bb1e2e29b334a17412 -> 
  custom:container-demuxer-webm: 4f35f7cbe854078d1ac9338744f61a02 -> 
  custom:scripting/monoscript/fileName/US0111-PackageDoesNotContainResourcesFolder.cs: 71a168e152f87d227865d0890adc7f99 -> 
  custom:scripting/monoscript/fileName/ErrorDocumentation.cs: 3233d93f0df2c6afbc4254a873babde5 -> 
  custom:scripting/monoscript/fileName/Utilities.cs: 362b4ae2a7aa54a71885fc7376acac91 -> 
  custom:scripting/precompiled-assembly-types:Mono.Cecil: ccd3eb1a29ea76869e665d6c237ddc80 -> 
  custom:scripting/monoscript/fileName/NetCoreRunProgram.cs: f923d492463f4d71acbc5a2ce6406410 -> 
  custom:scripting/monoscript/fileName/US0007-ValidPackageManifest.cs: 295dd9a59a25788d402a2016c67ccdad -> 
  custom:scripting/monoscript/fileName/ProjectInfo.cs: 6bccb037185321f7a98fa2c0e1c48f12 -> 
  custom:scripting/precompiled-assembly-types:Unity.PackageValidationSuite.Editor: d47468a20329ab91e5f58c8e89551485 -> 
  custom:scripting/monoscript/fileName/AssemblyDefinitionReference.cs: 2f68d88bfe3b2516b2dd3c85c92af3f8 -> 
  custom:scripting/monoscript/fileName/ValidationTestReport.cs: 31db714c89accda9b1b961a9f2fbe988 -> 
  custom:scripting/monoscript/fileName/ManifestData.cs: 3a174b98e66aafc5f4f77165d9b07425 -> 
  custom:scripting/monoscript/fileName/PackageBinaryZipping.cs: 4e5bf65c267c442fa78739ef9977d7a9 -> 
  custom:scripting/monoscript/fileName/IStandard.cs: d906092476877cc16595618eb3f2dde8 -> 
  custom:scripting/monoscript/fileName/ValidationSuiteReportData.cs: 3af81f4d2abe584d11fcb82055bec721 -> 
  custom:scripting/monoscript/fileName/UpdateConfigurationValidation.cs: 7015057530d33d9ac97b504ffa565b1a -> 
  custom:video-encoder-webm-vp8: eb34c28f22e8b96e1ab97ce403110664 -> 
  custom:scripting/monoscript/fileName/ReleaseValidation.cs: 21847963156fa697523b0a89620ce492 -> 
  custom:scripting/monoscript/fileName/SemVersionExtension.cs: a5d696d5120291a454af0cba876a6f31 -> 
  custom:scripting/monoscript/fileName/PackageLifecyclePhase.cs: 3d036d25611745d578b59e39b625d1b3 -> 
  custom:scripting/monoscript/fileName/BaseValidation.cs: 81fe221c5e870827498278e86fcbdc27 -> 
  custom:scripting/monoscript/fileName/VettingContext.cs: 91d88673cbd856037850453d873a93e6 -> 
  custom:scripting/precompiled-assembly-types:Mono.Cecil.Pdb: bc7bb29408e7956d980310bdeff8d6a2 -> 
  custom:scripting/monoscript/fileName/RelatedPackages.cs: f7260de9473f4e976b17a322498940d4 -> 
  custom:scripting/monoscript/fileName/AssemblyDefinitionValidation.cs: 3f6d4b2c3153a05f2450ce1c54d3e3ee -> 
  custom:scripting/monoscript/fileName/US0117-PackageIncludesApiUpdaterScripts.cs: f06f898f4a62c3aacba5ddf7c253333e -> 
  custom:scripting/monoscript/fileName/UnityVersionValidation.cs: 0344d253ea5d2c15e211c6a942647687 -> 
========================================================================
Received Import Request.
  Time since last request: 887.277189 seconds.
  path: Assets/PolyMeshWorld/2D SideScroller Pixel Art Kit Free
  artifactKey: Guid(8634cbfc6d5eb4a4d95117992ebdc311) Importer(815301076,1909f56bfc062723c751e8b465ee728b)
Start importing Assets/PolyMeshWorld/2D SideScroller Pixel Art Kit Free using Guid(8634cbfc6d5eb4a4d95117992ebdc311) Importer(815301076,1909f56bfc062723c751e8b465ee728b) [PhysX] Initialized MultithreadedTaskDispatcher with 12 workers.
 -> (artifact id: '2080efa711dcdd874af7900eb63f7dcc') in 0.002463 seconds
Number of updated asset objects reloaded before import = 0
Number of asset objects unloaded after import = 0
========================================================================
Received Import Request.
  Time since last request: 0.041083 seconds.
  path: Assets/PolyMeshWorld/2D SideScroller Pixel Art Kit Free/New Post-processing Profile.asset
  artifactKey: Guid(dc0ac49dee9ae974ea9a5879dd3a3ee3) Importer(815301076,1909f56bfc062723c751e8b465ee728b)
Start importing Assets/PolyMeshWorld/2D SideScroller Pixel Art Kit Free/New Post-processing Profile.asset using Guid(dc0ac49dee9ae974ea9a5879dd3a3ee3) Importer(815301076,1909f56bfc062723c751e8b465ee728b) [PhysX] Initialized MultithreadedTaskDispatcher with 12 workers.
 -> (artifact id: 'c238ce4499a366fa2295485f3f20152b') in 0.015828 seconds
Number of updated asset objects reloaded before import = 0
Number of asset objects unloaded after import = 2
========================================================================
Received Import Request.
  Time since last request: 2.198305 seconds.
  path: Assets/PolyMeshWorld/2D SideScroller Pixel Art Kit Free/Prefabs
  artifactKey: Guid(dae4ad17e01e66c4cbb9ba905646c221) Importer(815301076,1909f56bfc062723c751e8b465ee728b)
Start importing Assets/PolyMeshWorld/2D SideScroller Pixel Art Kit Free/Prefabs using Guid(dae4ad17e01e66c4cbb9ba905646c221) Importer(815301076,1909f56bfc062723c751e8b465ee728b) [PhysX] Initialized MultithreadedTaskDispatcher with 12 workers.
 -> (artifact id: '904fd84061413cdb157009e6f3182341') in 0.000890 seconds
Number of updated asset objects reloaded before import = 0
Number of asset objects unloaded after import = 0
========================================================================
Received Import Request.
  Time since last request: 0.079042 seconds.
  path: Assets/PolyMeshWorld/2D SideScroller Pixel Art Kit Free/Prefabs/CanvasContainer.prefab
  artifactKey: Guid(14d0c0e295c93d143898bb2fb132b609) Importer(815301076,1909f56bfc062723c751e8b465ee728b)
Start importing Assets/PolyMeshWorld/2D SideScroller Pixel Art Kit Free/Prefabs/CanvasContainer.prefab using Guid(14d0c0e295c93d143898bb2fb132b609) Importer(815301076,1909f56bfc062723c751e8b465ee728b) [PhysX] Initialized MultithreadedTaskDispatcher with 12 workers.
 -> (artifact id: '388e64a186bbeb972fb7c2884539f205') in 0.027375 seconds
Number of updated asset objects reloaded before import = 0
Number of asset objects unloaded after import = 25
========================================================================
Received Import Request.
  Time since last request: 1.762965 seconds.
  path: Assets/PolyMeshWorld/2D SideScroller Pixel Art Kit Free/Prefabs/Vegetation
  artifactKey: Guid(320ccb1682abefc448703aff32d645c6) Importer(815301076,1909f56bfc062723c751e8b465ee728b)
Start importing Assets/PolyMeshWorld/2D SideScroller Pixel Art Kit Free/Prefabs/Vegetation using Guid(320ccb1682abefc448703aff32d645c6) Importer(815301076,1909f56bfc062723c751e8b465ee728b) [PhysX] Initialized MultithreadedTaskDispatcher with 12 workers.
 -> (artifact id: '761b9d28cde85d214dcc0094527ba8f6') in 0.000903 seconds
Number of updated asset objects reloaded before import = 0
Number of asset objects unloaded after import = 0
========================================================================
Received Import Request.
  Time since last request: 0.747406 seconds.
  path: Assets/PolyMeshWorld/2D SideScroller Pixel Art Kit Free/Prefabs/Vegetation/P_Grass1.prefab
  artifactKey: Guid(9c43bfeaf9aa36b48a4f5f4f1b1a2797) Importer(815301076,1909f56bfc062723c751e8b465ee728b)
Start importing Assets/PolyMeshWorld/2D SideScroller Pixel Art Kit Free/Prefabs/Vegetation/P_Grass1.prefab using Guid(9c43bfeaf9aa36b48a4f5f4f1b1a2797) Importer(815301076,1909f56bfc062723c751e8b465ee728b) [PhysX] Initialized MultithreadedTaskDispatcher with 12 workers.
[PhysX] Initialized MultithreadedTaskDispatcher with 12 workers.
 -> (artifact id: '5692447c65e48b4c6eda2f111bc04f66') in 0.409035 seconds
Number of updated asset objects reloaded before import = 0
Number of asset objects unloaded after import = 26
========================================================================
Received Import Request.
  Time since last request: 0.000050 seconds.
  path: Assets/PolyMeshWorld/2D SideScroller Pixel Art Kit Free/Prefabs/Vegetation/P_Mush5.prefab
  artifactKey: Guid(bf4c1238537b75a4d9f3c227657380ed) Importer(815301076,1909f56bfc062723c751e8b465ee728b)
Start importing Assets/PolyMeshWorld/2D SideScroller Pixel Art Kit Free/Prefabs/Vegetation/P_Mush5.prefab using Guid(bf4c1238537b75a4d9f3c227657380ed) Importer(815301076,1909f56bfc062723c751e8b465ee728b) [PhysX] Initialized MultithreadedTaskDispatcher with 12 workers.
[PhysX] Initialized MultithreadedTaskDispatcher with 12 workers.
 -> (artifact id: 'b1b6eb42d04e09b7c02eea1bc342baeb') in 0.028885 seconds
Number of updated asset objects reloaded before import = 0
Number of asset objects unloaded after import = 8
========================================================================
Received Import Request.
  Time since last request: 0.000075 seconds.
  path: Assets/PolyMeshWorld/2D SideScroller Pixel Art Kit Free/Prefabs/Vegetation/P_UpsidedownGrass3.prefab
  artifactKey: Guid(d9ff626317893414c89e4492cade9c42) Importer(815301076,1909f56bfc062723c751e8b465ee728b)
Start importing Assets/PolyMeshWorld/2D SideScroller Pixel Art Kit Free/Prefabs/Vegetation/P_UpsidedownGrass3.prefab using Guid(d9ff626317893414c89e4492cade9c42) Importer(815301076,1909f56bfc062723c751e8b465ee728b) [PhysX] Initialized MultithreadedTaskDispatcher with 12 workers.
[PhysX] Initialized MultithreadedTaskDispatcher with 12 workers.
 -> (artifact id: '89b57da3490b79c8179978a89f965fd6') in 0.023892 seconds
Number of updated asset objects reloaded before import = 0
Number of asset objects unloaded after import = 8
========================================================================
Received Import Request.
  Time since last request: 0.000045 seconds.
  path: Assets/PolyMeshWorld/2D SideScroller Pixel Art Kit Free/Prefabs/Vegetation/P_UpsidedownIce1.prefab
  artifactKey: Guid(d153e1a20c3bba84393a11af09ec62a7) Importer(815301076,1909f56bfc062723c751e8b465ee728b)
Start importing Assets/PolyMeshWorld/2D SideScroller Pixel Art Kit Free/Prefabs/Vegetation/P_UpsidedownIce1.prefab using Guid(d153e1a20c3bba84393a11af09ec62a7) Importer(815301076,1909f56bfc062723c751e8b465ee728b) [PhysX] Initialized MultithreadedTaskDispatcher with 12 workers.
[PhysX] Initialized MultithreadedTaskDispatcher with 12 workers.
 -> (artifact id: '489b4d8b6c93a59526284429a0d0a45e') in 0.031642 seconds
Number of updated asset objects reloaded before import = 0
Number of asset objects unloaded after import = 8
========================================================================
Received Import Request.
  Time since last request: 0.000038 seconds.
  path: Assets/PolyMeshWorld/2D SideScroller Pixel Art Kit Free/Prefabs/Vegetation/P_MUpsidedownIce2.prefab
  artifactKey: Guid(cd934a719db32fd4083accdf0e7456e5) Importer(815301076,1909f56bfc062723c751e8b465ee728b)
Start importing Assets/PolyMeshWorld/2D SideScroller Pixel Art Kit Free/Prefabs/Vegetation/P_MUpsidedownIce2.prefab using Guid(cd934a719db32fd4083accdf0e7456e5) Importer(815301076,1909f56bfc062723c751e8b465ee728b) [PhysX] Initialized MultithreadedTaskDispatcher with 12 workers.
[PhysX] Initialized MultithreadedTaskDispatcher with 12 workers.
 -> (artifact id: '8d3580f04d383d35475aa17da4ee3ae3') in 0.026948 seconds
Number of updated asset objects reloaded before import = 0
Number of asset objects unloaded after import = 8
========================================================================
Received Import Request.
  Time since last request: 0.000046 seconds.
  path: Assets/PolyMeshWorld/2D SideScroller Pixel Art Kit Free/Prefabs/Vegetation/P_UpsidedownIce3.prefab
  artifactKey: Guid(9e65241d6338f7348a16253b8572b26a) Importer(815301076,1909f56bfc062723c751e8b465ee728b)
Start importing Assets/PolyMeshWorld/2D SideScroller Pixel Art Kit Free/Prefabs/Vegetation/P_UpsidedownIce3.prefab using Guid(9e65241d6338f7348a16253b8572b26a) Importer(815301076,1909f56bfc062723c751e8b465ee728b) [PhysX] Initialized MultithreadedTaskDispatcher with 12 workers.
[PhysX] Initialized MultithreadedTaskDispatcher with 12 workers.
 -> (artifact id: '1ba3678042928d5f57504f4a0e3449b4') in 0.024225 seconds
Number of updated asset objects reloaded before import = 0
Number of asset objects unloaded after import = 8
========================================================================
Received Import Request.
  Time since last request: 0.000035 seconds.
  path: Assets/PolyMeshWorld/2D SideScroller Pixel Art Kit Free/Prefabs/Vegetation/P_Grass3.prefab
  artifactKey: Guid(93daf46a1a8ae294991655c6dc3a7dbf) Importer(815301076,1909f56bfc062723c751e8b465ee728b)
Start importing Assets/PolyMeshWorld/2D SideScroller Pixel Art Kit Free/Prefabs/Vegetation/P_Grass3.prefab using Guid(93daf46a1a8ae294991655c6dc3a7dbf) Importer(815301076,1909f56bfc062723c751e8b465ee728b) [PhysX] Initialized MultithreadedTaskDispatcher with 12 workers.
[PhysX] Initialized MultithreadedTaskDispatcher with 12 workers.
 -> (artifact id: '659659cb56299f9d30f79ddb8dc8849c') in 0.026275 seconds
Number of updated asset objects reloaded before import = 0
Number of asset objects unloaded after import = 8
========================================================================
Received Import Request.
  Time since last request: 0.000033 seconds.
  path: Assets/PolyMeshWorld/2D SideScroller Pixel Art Kit Free/Prefabs/Vegetation/P_UpsidedownIce2.prefab
  artifactKey: Guid(774e1159513e79b43adbbeec8867ebf3) Importer(815301076,1909f56bfc062723c751e8b465ee728b)
Start importing Assets/PolyMeshWorld/2D SideScroller Pixel Art Kit Free/Prefabs/Vegetation/P_UpsidedownIce2.prefab using Guid(774e1159513e79b43adbbeec8867ebf3) Importer(815301076,1909f56bfc062723c751e8b465ee728b) [PhysX] Initialized MultithreadedTaskDispatcher with 12 workers.
[PhysX] Initialized MultithreadedTaskDispatcher with 12 workers.
 -> (artifact id: 'ba067d5ab79292c18c9dbd7ad24e15f1') in 0.024752 seconds
Number of updated asset objects reloaded before import = 0
Number of asset objects unloaded after import = 8
========================================================================
Received Import Request.
  Time since last request: 0.000041 seconds.
  path: Assets/PolyMeshWorld/2D SideScroller Pixel Art Kit Free/Prefabs/Vegetation/P_Mush4.prefab
  artifactKey: Guid(a0adef084d7bb0849bcde404f1e8ed68) Importer(815301076,1909f56bfc062723c751e8b465ee728b)
Start importing Assets/PolyMeshWorld/2D SideScroller Pixel Art Kit Free/Prefabs/Vegetation/P_Mush4.prefab using Guid(a0adef084d7bb0849bcde404f1e8ed68) Importer(815301076,1909f56bfc062723c751e8b465ee728b) [PhysX] Initialized MultithreadedTaskDispatcher with 12 workers.
[PhysX] Initialized MultithreadedTaskDispatcher with 12 workers.
 -> (artifact id: '971212f5f4c530aea69ed3224ec3f065') in 0.023260 seconds
Number of updated asset objects reloaded before import = 0
Number of asset objects unloaded after import = 8
========================================================================
Received Import Request.
  Time since last request: 0.000048 seconds.
  path: Assets/PolyMeshWorld/2D SideScroller Pixel Art Kit Free/Prefabs/Vegetation/P_MUpsidedownIce3.prefab
  artifactKey: Guid(eddef292e5a4c104a99c6f7a8707364e) Importer(815301076,1909f56bfc062723c751e8b465ee728b)
Start importing Assets/PolyMeshWorld/2D SideScroller Pixel Art Kit Free/Prefabs/Vegetation/P_MUpsidedownIce3.prefab using Guid(eddef292e5a4c104a99c6f7a8707364e) Importer(815301076,1909f56bfc062723c751e8b465ee728b) [PhysX] Initialized MultithreadedTaskDispatcher with 12 workers.
[PhysX] Initialized MultithreadedTaskDispatcher with 12 workers.
 -> (artifact id: '493a34d4aa8c732b435f77a24c07718d') in 0.024057 seconds
Number of updated asset objects reloaded before import = 0
Number of asset objects unloaded after import = 8
========================================================================
Received Import Request.
  Time since last request: 0.000046 seconds.
  path: Assets/PolyMeshWorld/2D SideScroller Pixel Art Kit Free/Prefabs/Vegetation/P_UpsidedownIce7.prefab
  artifactKey: Guid(d0a07f43205c90744913d9f4859e77ca) Importer(815301076,1909f56bfc062723c751e8b465ee728b)
Start importing Assets/PolyMeshWorld/2D SideScroller Pixel Art Kit Free/Prefabs/Vegetation/P_UpsidedownIce7.prefab using Guid(d0a07f43205c90744913d9f4859e77ca) Importer(815301076,1909f56bfc062723c751e8b465ee728b) [PhysX] Initialized MultithreadedTaskDispatcher with 12 workers.
[PhysX] Initialized MultithreadedTaskDispatcher with 12 workers.
 -> (artifact id: '9431ddf213f0a09ef760fb018a49bbb6') in 0.023882 seconds
Number of updated asset objects reloaded before import = 0
Number of asset objects unloaded after import = 8
========================================================================
Received Import Request.
  Time since last request: 0.000037 seconds.
  path: Assets/PolyMeshWorld/2D SideScroller Pixel Art Kit Free/Prefabs/Vegetation/P_Ice2.prefab
  artifactKey: Guid(42a61140d38857f4fa3c6f23f512dbb5) Importer(815301076,1909f56bfc062723c751e8b465ee728b)
Start importing Assets/PolyMeshWorld/2D SideScroller Pixel Art Kit Free/Prefabs/Vegetation/P_Ice2.prefab using Guid(42a61140d38857f4fa3c6f23f512dbb5) Importer(815301076,1909f56bfc062723c751e8b465ee728b) [PhysX] Initialized MultithreadedTaskDispatcher with 12 workers.
[PhysX] Initialized MultithreadedTaskDispatcher with 12 workers.
 -> (artifact id: '903f329f3a67fb5e0ff17e850166cb0e') in 0.024387 seconds
Number of updated asset objects reloaded before import = 0
Number of asset objects unloaded after import = 8
========================================================================
Received Import Request.
  Time since last request: 0.000070 seconds.
  path: Assets/PolyMeshWorld/2D SideScroller Pixel Art Kit Free/Prefabs/Vegetation/P_MIce2.prefab
  artifactKey: Guid(86fbc945824182b46955effb840ea8ca) Importer(815301076,1909f56bfc062723c751e8b465ee728b)
Start importing Assets/PolyMeshWorld/2D SideScroller Pixel Art Kit Free/Prefabs/Vegetation/P_MIce2.prefab using Guid(86fbc945824182b46955effb840ea8ca) Importer(815301076,1909f56bfc062723c751e8b465ee728b) [PhysX] Initialized MultithreadedTaskDispatcher with 12 workers.
[PhysX] Initialized MultithreadedTaskDispatcher with 12 workers.
 -> (artifact id: 'cac5156ada4995a7566cdf904b921536') in 0.023498 seconds
Number of updated asset objects reloaded before import = 0
Number of asset objects unloaded after import = 8
========================================================================
Received Import Request.
  Time since last request: 0.000039 seconds.
  path: Assets/PolyMeshWorld/2D SideScroller Pixel Art Kit Free/Prefabs/Vegetation/P_MIce1.prefab
  artifactKey: Guid(adfa0d5e02480bf4583766d9928c86a6) Importer(815301076,1909f56bfc062723c751e8b465ee728b)
Start importing Assets/PolyMeshWorld/2D SideScroller Pixel Art Kit Free/Prefabs/Vegetation/P_MIce1.prefab using Guid(adfa0d5e02480bf4583766d9928c86a6) Importer(815301076,1909f56bfc062723c751e8b465ee728b) [PhysX] Initialized MultithreadedTaskDispatcher with 12 workers.
[PhysX] Initialized MultithreadedTaskDispatcher with 12 workers.
 -> (artifact id: 'a5790161cdca0aa34fe8b6872258f6b2') in 0.024650 seconds
Number of updated asset objects reloaded before import = 0
Number of asset objects unloaded after import = 8
========================================================================
Received Import Request.
  Time since last request: 0.000036 seconds.
  path: Assets/PolyMeshWorld/2D SideScroller Pixel Art Kit Free/Prefabs/Vegetation/P_MUpsidedown1.prefab
  artifactKey: Guid(57442fb919669c74b96380906661c8ac) Importer(815301076,1909f56bfc062723c751e8b465ee728b)
Start importing Assets/PolyMeshWorld/2D SideScroller Pixel Art Kit Free/Prefabs/Vegetation/P_MUpsidedown1.prefab using Guid(57442fb919669c74b96380906661c8ac) Importer(815301076,1909f56bfc062723c751e8b465ee728b) [PhysX] Initialized MultithreadedTaskDispatcher with 12 workers.
[PhysX] Initialized MultithreadedTaskDispatcher with 12 workers.
 -> (artifact id: 'd72b94f663ce3c118b6f2edb19a64e80') in 0.023983 seconds
Number of updated asset objects reloaded before import = 0
Number of asset objects unloaded after import = 8
========================================================================
Received Import Request.
  Time since last request: 0.000136 seconds.
  path: Assets/PolyMeshWorld/2D SideScroller Pixel Art Kit Free/Prefabs/Vegetation/P_UpsidedownGrass1.prefab
  artifactKey: Guid(b2bec74a600e2244d827844bbc5f478d) Importer(815301076,1909f56bfc062723c751e8b465ee728b)
Start importing Assets/PolyMeshWorld/2D SideScroller Pixel Art Kit Free/Prefabs/Vegetation/P_UpsidedownGrass1.prefab using Guid(b2bec74a600e2244d827844bbc5f478d) Importer(815301076,1909f56bfc062723c751e8b465ee728b) [PhysX] Initialized MultithreadedTaskDispatcher with 12 workers.
[PhysX] Initialized MultithreadedTaskDispatcher with 12 workers.
 -> (artifact id: 'c39009d19de2c42a1c011614a81e3f64') in 0.024119 seconds
Number of updated asset objects reloaded before import = 0
Number of asset objects unloaded after import = 8
========================================================================
Received Import Request.
  Time since last request: 0.000045 seconds.
  path: Assets/PolyMeshWorld/2D SideScroller Pixel Art Kit Free/Prefabs/Vegetation/P_UpsidedownGrass7.prefab
  artifactKey: Guid(59f90b1d800f81546ad560e4bfe06d35) Importer(815301076,1909f56bfc062723c751e8b465ee728b)
Start importing Assets/PolyMeshWorld/2D SideScroller Pixel Art Kit Free/Prefabs/Vegetation/P_UpsidedownGrass7.prefab using Guid(59f90b1d800f81546ad560e4bfe06d35) Importer(815301076,1909f56bfc062723c751e8b465ee728b) [PhysX] Initialized MultithreadedTaskDispatcher with 12 workers.
[PhysX] Initialized MultithreadedTaskDispatcher with 12 workers.
 -> (artifact id: '3e79418045084f46bd1bba319518832f') in 0.024597 seconds
Number of updated asset objects reloaded before import = 0
Number of asset objects unloaded after import = 8
========================================================================
Received Import Request.
  Time since last request: 0.000038 seconds.
  path: Assets/PolyMeshWorld/2D SideScroller Pixel Art Kit Free/Prefabs/Vegetation/P_MUpsidedown2.prefab
  artifactKey: Guid(5d9f695e086732a4abf2ae8253aefce6) Importer(815301076,1909f56bfc062723c751e8b465ee728b)
Start importing Assets/PolyMeshWorld/2D SideScroller Pixel Art Kit Free/Prefabs/Vegetation/P_MUpsidedown2.prefab using Guid(5d9f695e086732a4abf2ae8253aefce6) Importer(815301076,1909f56bfc062723c751e8b465ee728b) [PhysX] Initialized MultithreadedTaskDispatcher with 12 workers.
[PhysX] Initialized MultithreadedTaskDispatcher with 12 workers.
 -> (artifact id: 'ea6ec61307ecb069374a5462ff5799a2') in 0.029032 seconds
Number of updated asset objects reloaded before import = 0
Number of asset objects unloaded after import = 8
Editor requested this worker to shutdown with reason: Scaling down because of idle timeout
TcpMessagingSession - receive error: operation aborted. errorcode: 995, details: La operación de E/S se anuló por una salida de subproceso o por una solicitud de aplicación.
AssetImportWorker is now disconnected from the server
Process exiting
Exiting without the bug reporter. Application will terminate with return code 0