Using pre-set license
Built from '2022.3/respin/2022.3.62f2-4af31df585-v2' branch; Version is '2022.3.62f2 (7670c08855a9) revision 7762112'; Using compiler version '192829333'; Build Type 'Release'
OS: 'Windows 11  (10.0.26200) 64bit Professional' Language: 'es' Physical Memory: 14173 MB
BatchMode: 1, IsHumanControllingUs: 0, StartBugReporterOnCrash: 0, Is64bit: 1, IsPro: 1

COMMAND LINE ARGUMENTS:
C:\Program Files\Unity\Hub\Editor\2022.3.62f2\Editor\Unity.exe
-adb2
-batchMode
-noUpm
-name
AssetImportWorker3
-projectPath
C:/ProyectoArqui/ElHeroePerdido
-logFile
Logs/AssetImportWorker3.log
-srvPort
59992
Successfully changed project path to: C:/ProyectoArqui/ElHeroePerdido
C:/ProyectoArqui/ElHeroePerdido
[UnityMemory] Configuration Parameters - Can be set up in boot.config
    "memorysetup-bucket-allocator-granularity=16"
    "memorysetup-bucket-allocator-bucket-count=8"
    "memorysetup-bucket-allocator-block-size=33554432"
    "memorysetup-bucket-allocator-block-count=8"
    "memorysetup-main-allocator-block-size=16777216"
    "memorysetup-thread-allocator-block-size=16777216"
    "memorysetup-gfx-main-allocator-block-size=16777216"
    "memorysetup-gfx-thread-allocator-block-size=16777216"
    "memorysetup-cache-allocator-block-size=4194304"
    "memorysetup-typetree-allocator-block-size=2097152"
    "memorysetup-profiler-bucket-allocator-granularity=16"
    "memorysetup-profiler-bucket-allocator-bucket-count=8"
    "memorysetup-profiler-bucket-allocator-block-size=33554432"
    "memorysetup-profiler-bucket-allocator-block-count=8"
    "memorysetup-profiler-allocator-block-size=16777216"
    "memorysetup-profiler-editor-allocator-block-size=1048576"
    "memorysetup-temp-allocator-size-main=16777216"
    "memorysetup-job-temp-allocator-block-size=2097152"
    "memorysetup-job-temp-allocator-block-size-background=1048576"
    "memorysetup-job-temp-allocator-reduction-small-platforms=262144"
    "memorysetup-allocator-temp-initial-block-size-main=262144"
    "memorysetup-allocator-temp-initial-block-size-worker=262144"
    "memorysetup-temp-allocator-size-background-worker=32768"
    "memorysetup-temp-allocator-size-job-worker=262144"
    "memorysetup-temp-allocator-size-preload-manager=33554432"
    "memorysetup-temp-allocator-size-nav-mesh-worker=65536"
    "memorysetup-temp-allocator-size-audio-worker=65536"
    "memorysetup-temp-allocator-size-cloud-worker=32768"
    "memorysetup-temp-allocator-size-gi-baking-worker=262144"
    "memorysetup-temp-allocator-size-gfx=262144"
Player connection [26876]  Target information:

Player connection [26876]  * "[IP] 192.168.1.35 [Port] 0 [Flags] 2 [Guid] 1525768967 [EditorId] 1525768967 [Version] 1048832 [Id] WindowsEditor(7,NATU) [Debug] 1 [PackageName] WindowsEditor [ProjectName] Editor" 

Player connection [26876] Host joined multi-casting on [225.0.0.222:54997]...
Player connection [26876] Host joined alternative multi-casting on [225.0.0.222:34997]...
Input System module state changed to: Initialized.
[PhysX] Initialized MultithreadedTaskDispatcher with 12 workers.
Refreshing native plugins compatible for Editor in 32.19 ms, found 7 plugins.
Preloading 0 native plugins for Editor in 0.00 ms.
Initialize engine version: 2022.3.62f2 (7670c08855a9)
[Subsystems] Discovering subsystems at path C:/Program Files/Unity/Hub/Editor/2022.3.62f2/Editor/Data/Resources/UnitySubsystems
[Subsystems] Discovering subsystems at path C:/ProyectoArqui/ElHeroePerdido/Assets
GfxDevice: creating device client; threaded=0; jobified=0
Direct3D:
    Version:  Direct3D 11.0 [level 11.1]
    Renderer: AMD Radeon(TM) Graphics (ID=0x164c)
    Vendor:   ATI
    VRAM:     7086 MB
    Driver:   31.0.21921.13001
Initialize mono
Mono path[0] = 'C:/Program Files/Unity/Hub/Editor/2022.3.62f2/Editor/Data/Managed'
Mono path[1] = 'C:/Program Files/Unity/Hub/Editor/2022.3.62f2/Editor/Data/MonoBleedingEdge/lib/mono/unityjit-win32'
Mono config path = 'C:/Program Files/Unity/Hub/Editor/2022.3.62f2/Editor/Data/MonoBleedingEdge/etc'
Using monoOptions --debugger-agent=transport=dt_socket,embedding=1,server=y,suspend=n,address=127.0.0.1:56660
Begin MonoManager ReloadAssembly
Registering precompiled unity dll's ...
Register platform support module: C:/Program Files/Unity/Hub/Editor/2022.3.62f2/Editor/Data/PlaybackEngines/WebGLSupport/UnityEditor.WebGL.Extensions.dll
Register platform support module: C:/Program Files/Unity/Hub/Editor/2022.3.62f2/Editor/Data/PlaybackEngines/WindowsStandaloneSupport/UnityEditor.WindowsStandalone.Extensions.dll
Registered in 0.017968 seconds.
- Loaded All Assemblies, in  0.514 seconds
Native extension for WindowsStandalone target not found
Native extension for WebGL target not found
Mono: successfully reloaded assembly
- Finished resetting the current domain, in  0.286 seconds
Domain Reload Profiling: 797ms
	BeginReloadAssembly (173ms)
		ExecutionOrderSort (0ms)
		DisableScriptedObjects (0ms)
		BackupInstance (0ms)
		ReleaseScriptingObjects (0ms)
		CreateAndSetChildDomain (1ms)
	RebuildCommonClasses (47ms)
	RebuildNativeTypeToScriptingClass (14ms)
	initialDomainReloadingComplete (96ms)
	LoadAllAssembliesAndSetupDomain (181ms)
		LoadAssemblies (171ms)
		RebuildTransferFunctionScriptingTraits (0ms)
		AnalyzeDomain (178ms)
			TypeCache.Refresh (176ms)
				TypeCache.ScanAssembly (157ms)
			ScanForSourceGeneratedMonoScriptInfo (0ms)
			ResolveRequiredComponents (1ms)
	FinalizeReload (286ms)
		ReleaseScriptCaches (0ms)
		RebuildScriptCaches (0ms)
		SetupLoadedEditorAssemblies (235ms)
			LogAssemblyErrors (0ms)
			InitializePlatformSupportModulesInManaged (15ms)
			SetLoadedEditorAssemblies (5ms)
			RefreshPlugins (0ms)
			BeforeProcessingInitializeOnLoad (2ms)
			ProcessInitializeOnLoadAttributes (161ms)
			ProcessInitializeOnLoadMethodAttributes (52ms)
			AfterProcessingInitializeOnLoad (0ms)
			EditorAssembliesLoaded (0ms)
		ExecutionOrderSort2 (0ms)
		AwakeInstancesAfterBackupRestoration (0ms)
========================================================================
Worker process is ready to serve import requests
Caller must complete domain reload
Begin MonoManager ReloadAssembly
Duplicate assembly 'log4net.dll' with different versions detected, using 'Packages/com.unity.package-validation-suite/Lib/Editor/log4net.dll, AssemblyName=log4net, Version=2.0.8.0, Culture=neutral, PublicKeyToken=669e0ddf0bb1aa2a' and ignoring 'Packages/com.unity.collab-proxy/Lib/Editor/log4netPlastic.dll, AssemblyName=log4net, Version=1.2.15.0, Culture=neutral, PublicKeyToken=669e0ddf0bb1aa2a'.- Loaded All Assemblies, in  1.209 seconds
Native extension for WindowsStandalone target not found
Native extension for WebGL target not found
Mono: successfully reloaded assembly
- Finished resetting the current domain, in  1.230 seconds
Domain Reload Profiling: 2435ms
	BeginReloadAssembly (152ms)
		ExecutionOrderSort (0ms)
		DisableScriptedObjects (5ms)
		BackupInstance (0ms)
		ReleaseScriptingObjects (0ms)
		CreateAndSetChildDomain (24ms)
	RebuildCommonClasses (37ms)
	RebuildNativeTypeToScriptingClass (11ms)
	initialDomainReloadingComplete (51ms)
	LoadAllAssembliesAndSetupDomain (953ms)
		LoadAssemblies (636ms)
		RebuildTransferFunctionScriptingTraits (0ms)
		AnalyzeDomain (405ms)
			TypeCache.Refresh (333ms)
				TypeCache.ScanAssembly (310ms)
			ScanForSourceGeneratedMonoScriptInfo (51ms)
			ResolveRequiredComponents (17ms)
	FinalizeReload (1231ms)
		ReleaseScriptCaches (0ms)
		RebuildScriptCaches (0ms)
		SetupLoadedEditorAssemblies (968ms)
			LogAssemblyErrors (0ms)
			InitializePlatformSupportModulesInManaged (11ms)
			SetLoadedEditorAssemblies (6ms)
			RefreshPlugins (0ms)
			BeforeProcessingInitializeOnLoad (118ms)
			ProcessInitializeOnLoadAttributes (684ms)
			ProcessInitializeOnLoadMethodAttributes (135ms)
			AfterProcessingInitializeOnLoad (15ms)
			EditorAssembliesLoaded (1ms)
		ExecutionOrderSort2 (0ms)
		AwakeInstancesAfterBackupRestoration (8ms)
Launched and connected shader compiler UnityShaderCompiler.exe after 0.09 seconds
Refreshing native plugins compatible for Editor in 13.44 ms, found 7 plugins.
Preloading 0 native plugins for Editor in 0.00 ms.
Unloading 6737 Unused Serialized files (Serialized files now loaded: 0)
Unloading 63 unused Assets / (2.1 MB). Loaded Objects now: 7193.
Memory consumption went from 265.2 MB to 263.1 MB.
Total: 6.865200 ms (FindLiveObjects: 0.952800 ms CreateObjectMapping: 0.969900 ms MarkObjects: 4.443000 ms  DeleteObjects: 0.497500 ms)

AssetImportParameters requested are different than current active one (requested -> active):
  custom:container-demuxer-ogg: 62fdf1f143b41e24485cea50d1cbac27 -> 
  custom:framework-win-MediaFoundation: 216162199b28c13a410421893ffa2e32 -> 
  custom:container-muxer-webm: aa71ff27fc2769a1b78a27578f13a17b -> 
  custom:video-decoder-webm-vp8: 9c59270c3fd7afecdb556c50c9e8de78 -> 
  custom:SearchIndexIgnoredProperties: e643bd26f0fe6173181afceb89e7c659 -> 
  custom:AudioImporter_EditorPlatform: d09bf68614088b80899f8185d706f6e7 -> 
  custom:audio-decoder-ogg-vorbis: bf7c407c2cedff20999df2af8eb42d56 -> 
  custom:audio-encoder-webm-vorbis: bf7c407c2cedff20999df2af8eb42d56 -> 
  custom:video-codec-MediaFoundation-h265: 746d11721c4dcdbdad8f713fa42b33f4 -> 
  custom:video-decoder-ogg-theora: a1e56fd34408186e4bbccfd4996cb3dc -> 
  custom:CustomObjectIndexerAttribute: 3ead1caaecf1c488f20bcfeb224b6af5 -> 
  custom:container-demuxer-webm: 4f35f7cbe854078d1ac9338744f61a02 -> 
  custom:video-encoder-webm-vp8: eb34c28f22e8b96e1ab97ce403110664 -> 
========================================================================
Received Import Request.
  Time since last request: 3914.337245 seconds.
  path: Assets/Forest sprite pack/Prefabs/Butterfly red.prefab
  artifactKey: Guid(f6fb2b040adac374b8719fdb69f71e5e) Importer(815301076,1909f56bfc062723c751e8b465ee728b)
Start importing Assets/Forest sprite pack/Prefabs/Butterfly red.prefab using Guid(f6fb2b040adac374b8719fdb69f71e5e) Importer(815301076,1909f56bfc062723c751e8b465ee728b) [PhysX] Initialized MultithreadedTaskDispatcher with 12 workers.
[PhysX] Initialized MultithreadedTaskDispatcher with 12 workers.
 -> (artifact id: '0177ebab4cf434a76be43bf0becaf95a') in 0.529568 seconds
Number of updated asset objects reloaded before import = 0
Number of asset objects unloaded after import = 32
========================================================================
Received Import Request.
  Time since last request: 41.643314 seconds.
  path: Assets/PolyMeshWorld/2D SideScroller Pixel Art Kit Free/TileMap/Sprites/S_itens.png
  artifactKey: Guid(862b40d28afa3c94fbc03f6652069a5e) Importer(815301076,1909f56bfc062723c751e8b465ee728b)
Start importing Assets/PolyMeshWorld/2D SideScroller Pixel Art Kit Free/TileMap/Sprites/S_itens.png using Guid(862b40d28afa3c94fbc03f6652069a5e) Importer(815301076,1909f56bfc062723c751e8b465ee728b) [PhysX] Initialized MultithreadedTaskDispatcher with 12 workers.
[PhysX] Initialized MultithreadedTaskDispatcher with 12 workers.
 -> (artifact id: '8eb518766511110b5b98837d9ff58795') in 0.722626 seconds
Number of updated asset objects reloaded before import = 0
Number of asset objects unloaded after import = 97
========================================================================
Received Import Request.
  Time since last request: 16.428432 seconds.
  path: Assets/PolyMeshWorld/2D SideScroller Pixel Art Kit Free/TileMap/Tiles/Background/S_Water&Background_8.asset
  artifactKey: Guid(b4536a9b0bb1c664f8a863e4fb5acc42) Importer(815301076,1909f56bfc062723c751e8b465ee728b)
Start importing Assets/PolyMeshWorld/2D SideScroller Pixel Art Kit Free/TileMap/Tiles/Background/S_Water&Background_8.asset using Guid(b4536a9b0bb1c664f8a863e4fb5acc42) Importer(815301076,1909f56bfc062723c751e8b465ee728b) [PhysX] Initialized MultithreadedTaskDispatcher with 12 workers.
 -> (artifact id: 'dfad74a7a9856d5e8bbb0a4d70f48a1a') in 0.032006 seconds
Number of updated asset objects reloaded before import = 0
Number of asset objects unloaded after import = 3
========================================================================
Received Import Request.
  Time since last request: 0.000055 seconds.
  path: Assets/PolyMeshWorld/2D SideScroller Pixel Art Kit Free/TileMap/Tiles/Background/S_Water&Background_13.asset
  artifactKey: Guid(e941e08a70aa5964da117b219c05e7ab) Importer(815301076,1909f56bfc062723c751e8b465ee728b)
Start importing Assets/PolyMeshWorld/2D SideScroller Pixel Art Kit Free/TileMap/Tiles/Background/S_Water&Background_13.asset using Guid(e941e08a70aa5964da117b219c05e7ab) Importer(815301076,1909f56bfc062723c751e8b465ee728b) [PhysX] Initialized MultithreadedTaskDispatcher with 12 workers.
 -> (artifact id: '0b3ead725069944b9081a5e0b7499022') in 0.024117 seconds
Number of updated asset objects reloaded before import = 0
Number of asset objects unloaded after import = 3
========================================================================
Received Import Request.
  Time since last request: 0.000066 seconds.
  path: Assets/PolyMeshWorld/2D SideScroller Pixel Art Kit Free/TileMap/Tiles/Background/S_Water&Background_44.asset
  artifactKey: Guid(04f9dd04c87e49347b6f0cd698e6dc34) Importer(815301076,1909f56bfc062723c751e8b465ee728b)
Start importing Assets/PolyMeshWorld/2D SideScroller Pixel Art Kit Free/TileMap/Tiles/Background/S_Water&Background_44.asset using Guid(04f9dd04c87e49347b6f0cd698e6dc34) Importer(815301076,1909f56bfc062723c751e8b465ee728b) [PhysX] Initialized MultithreadedTaskDispatcher with 12 workers.
 -> (artifact id: '5cbd5bc10a42a40f8c55ed57ea5d5ba4') in 0.023439 seconds
Number of updated asset objects reloaded before import = 0
Number of asset objects unloaded after import = 3
========================================================================
Received Import Request.
  Time since last request: 0.000085 seconds.
  path: Assets/PolyMeshWorld/2D SideScroller Pixel Art Kit Free/TileMap/Tiles/Background/S_Water&Background_9.asset
  artifactKey: Guid(3d678238dc8a92044bb6f097bfb1fa3d) Importer(815301076,1909f56bfc062723c751e8b465ee728b)
Start importing Assets/PolyMeshWorld/2D SideScroller Pixel Art Kit Free/TileMap/Tiles/Background/S_Water&Background_9.asset using Guid(3d678238dc8a92044bb6f097bfb1fa3d) Importer(815301076,1909f56bfc062723c751e8b465ee728b) [PhysX] Initialized MultithreadedTaskDispatcher with 12 workers.
 -> (artifact id: 'a495d837dbb02f142153493764959f8c') in 0.026354 seconds
Number of updated asset objects reloaded before import = 0
Number of asset objects unloaded after import = 3
========================================================================
Received Import Request.
  Time since last request: 0.000033 seconds.
  path: Assets/PolyMeshWorld/2D SideScroller Pixel Art Kit Free/TileMap/Tiles/Background/S_Water&Background_43.asset
  artifactKey: Guid(28419a731c37fae438417868d00a1e63) Importer(815301076,1909f56bfc062723c751e8b465ee728b)
Start importing Assets/PolyMeshWorld/2D SideScroller Pixel Art Kit Free/TileMap/Tiles/Background/S_Water&Background_43.asset using Guid(28419a731c37fae438417868d00a1e63) Importer(815301076,1909f56bfc062723c751e8b465ee728b) [PhysX] Initialized MultithreadedTaskDispatcher with 12 workers.
 -> (artifact id: 'e947edea85cecd497a99ba35666ba732') in 0.025768 seconds
Number of updated asset objects reloaded before import = 0
Number of asset objects unloaded after import = 3
========================================================================
Received Import Request.
  Time since last request: 0.000215 seconds.
  path: Assets/PolyMeshWorld/2D SideScroller Pixel Art Kit Free/TileMap/Tiles/Background/S_Water&Background_39.asset
  artifactKey: Guid(eeb58b3f432cf1748bff27665711005a) Importer(815301076,1909f56bfc062723c751e8b465ee728b)
Start importing Assets/PolyMeshWorld/2D SideScroller Pixel Art Kit Free/TileMap/Tiles/Background/S_Water&Background_39.asset using Guid(eeb58b3f432cf1748bff27665711005a) Importer(815301076,1909f56bfc062723c751e8b465ee728b) [PhysX] Initialized MultithreadedTaskDispatcher with 12 workers.
 -> (artifact id: '1e432fb9e6c295186cd9b6e71dc0d579') in 0.028917 seconds
Number of updated asset objects reloaded before import = 0
Number of asset objects unloaded after import = 3
========================================================================
Received Import Request.
  Time since last request: 0.000876 seconds.
  path: Assets/PolyMeshWorld/2D SideScroller Pixel Art Kit Free/TileMap/Tiles/Background/S_Water&Background_50.asset
  artifactKey: Guid(219e336aa34d68049b988b0ebc9683c8) Importer(815301076,1909f56bfc062723c751e8b465ee728b)
Start importing Assets/PolyMeshWorld/2D SideScroller Pixel Art Kit Free/TileMap/Tiles/Background/S_Water&Background_50.asset using Guid(219e336aa34d68049b988b0ebc9683c8) Importer(815301076,1909f56bfc062723c751e8b465ee728b) [PhysX] Initialized MultithreadedTaskDispatcher with 12 workers.
 -> (artifact id: '93d5feacdf1546b9bb4f6582e8588458') in 0.033460 seconds
Number of updated asset objects reloaded before import = 0
Number of asset objects unloaded after import = 3
========================================================================
Received Import Request.
  Time since last request: 0.000044 seconds.
  path: Assets/PolyMeshWorld/2D SideScroller Pixel Art Kit Free/TileMap/Tiles/Background/S_Water&Background_40.asset
  artifactKey: Guid(ab429a4cab3270a43bb46e55000e462f) Importer(815301076,1909f56bfc062723c751e8b465ee728b)
Start importing Assets/PolyMeshWorld/2D SideScroller Pixel Art Kit Free/TileMap/Tiles/Background/S_Water&Background_40.asset using Guid(ab429a4cab3270a43bb46e55000e462f) Importer(815301076,1909f56bfc062723c751e8b465ee728b) [PhysX] Initialized MultithreadedTaskDispatcher with 12 workers.
 -> (artifact id: '0f4a7a109c8640561df90e96b54a8fbf') in 0.025386 seconds
Number of updated asset objects reloaded before import = 0
Number of asset objects unloaded after import = 3
========================================================================
Received Import Request.
  Time since last request: 11.715609 seconds.
  path: Assets/PolyMeshWorld/2D SideScroller Pixel Art Kit Free/TileMap/RuleTiles/WaterFall/WF_Middle_DarkBlue.asset
  artifactKey: Guid(7587d646f872a13438c68da1d15a17ca) Importer(815301076,1909f56bfc062723c751e8b465ee728b)
Start importing Assets/PolyMeshWorld/2D SideScroller Pixel Art Kit Free/TileMap/RuleTiles/WaterFall/WF_Middle_DarkBlue.asset using Guid(7587d646f872a13438c68da1d15a17ca) Importer(815301076,1909f56bfc062723c751e8b465ee728b) [PhysX] Initialized MultithreadedTaskDispatcher with 12 workers.
 -> (artifact id: 'eb06bb3406feea5b4fe90810addecf28') in 0.003108 seconds
Number of updated asset objects reloaded before import = 0
Number of asset objects unloaded after import = 5
========================================================================
Received Import Request.
  Time since last request: 0.000054 seconds.
  path: Assets/PolyMeshWorld/2D SideScroller Pixel Art Kit Free/TileMap/RuleTiles/WaterFall/WF_Middle_LightBlue.asset
  artifactKey: Guid(ffe6d67a5091ffa41a7e2becfa22e196) Importer(815301076,1909f56bfc062723c751e8b465ee728b)
Start importing Assets/PolyMeshWorld/2D SideScroller Pixel Art Kit Free/TileMap/RuleTiles/WaterFall/WF_Middle_LightBlue.asset using Guid(ffe6d67a5091ffa41a7e2becfa22e196) Importer(815301076,1909f56bfc062723c751e8b465ee728b) [PhysX] Initialized MultithreadedTaskDispatcher with 12 workers.
 -> (artifact id: '4e5a70859e2ace255c4e061e5271cc0e') in 0.003163 seconds
Number of updated asset objects reloaded before import = 0
Number of asset objects unloaded after import = 5
Editor requested this worker to shutdown with reason: Scaling down because of idle timeout
TcpMessagingSession - receive error: operation aborted. errorcode: 995, details: La operación de E/S se anuló por una salida de subproceso o por una solicitud de aplicación.
AssetImportWorker is now disconnected from the server
Process exiting
Exiting without the bug reporter. Application will terminate with return code 0